TN:
SF:src/ArcadeRewardsRecipient.sol
FN:17,ArcadeRewardsRecipient.setRewardsDistribution
FNDA:0,ArcadeRewardsRecipient.setRewardsDistribution
DA:18,0
FNF:1
FNH:0
LF:1
LH:0
BRF:0
BRH:0
end_of_record
TN:
SF:src/ArcadeStakingRewards.sol
FN:132,ArcadeStakingRewards.totalSupply
FNDA:7,ArcadeStakingRewards.totalSupply
DA:133,7
FN:143,ArcadeStakingRewards.balanceOf
FNDA:0,ArcadeStakingRewards.balanceOf
DA:144,0
DA:146,0
FN:156,ArcadeStakingRewards.lastTimeRewardApplicable
FNDA:0,ArcadeStakingRewards.lastTimeRewardApplicable
DA:157,78
FN:165,ArcadeStakingRewards.rewardPerToken
FNDA:0,ArcadeStakingRewards.rewardPerToken
DA:166,79
BRDA:166,0,0,43
BRDA:166,0,1,36
DA:167,43
DA:170,36
DA:171,36
FN:182,ArcadeStakingRewards.earned
FNDA:12,ArcadeStakingRewards.earned
DA:183,37
DA:184,37
DA:185,37
DA:186,37
DA:188,37
FN:196,ArcadeStakingRewards.getRewardForDuration
FNDA:7,ArcadeStakingRewards.getRewardForDuration
DA:197,7
FN:209,ArcadeStakingRewards.getUserStakes
FNDA:0,ArcadeStakingRewards.getUserStakes
DA:210,0
FN:222,ArcadeStakingRewards.stake
FNDA:16,ArcadeStakingRewards.stake
DA:223,16
BRDA:223,1,0,1
BRDA:223,1,1,15
DA:226,15
DA:227,15
DA:230,15
DA:239,15
DA:240,15
DA:242,15
DA:244,15
FN:253,ArcadeStakingRewards.withdraw
FNDA:5,ArcadeStakingRewards.withdraw
DA:254,6
BRDA:254,2,0,1
BRDA:254,2,1,5
DA:257,5
DA:258,5
DA:260,5
BRDA:260,3,0,-
BRDA:260,3,1,5
DA:261,5
BRDA:261,4,0,1
BRDA:261,4,1,4
DA:262,4
BRDA:262,5,0,1
BRDA:262,5,1,3
DA:264,3
DA:266,3
DA:268,3
DA:269,3
DA:270,3
DA:272,3
DA:273,3
DA:275,3
DA:277,3
FN:283,ArcadeStakingRewards.getReward
FNDA:2,ArcadeStakingRewards.getReward
DA:285,3
DA:286,3
DA:288,3
BRDA:288,6,0,3
BRDA:288,6,1,3
DA:289,3
DA:290,3
DA:291,3
FN:299,ArcadeStakingRewards.exit
FNDA:1,ArcadeStakingRewards.exit
DA:301,1
DA:302,1
DA:304,1
DA:305,1
FN:317,ArcadeStakingRewards.notifyRewardAmount
FNDA:17,ArcadeStakingRewards.notifyRewardAmount
DA:318,17
BRDA:318,7,0,16
BRDA:318,7,1,1
DA:319,16
DA:321,1
DA:322,1
DA:323,1
DA:330,17
DA:331,17
BRDA:331,8,0,1
BRDA:331,8,1,16
DA:333,16
DA:334,16
DA:336,16
FN:347,ArcadeStakingRewards.recoverERC20
FNDA:4,ArcadeStakingRewards.recoverERC20
DA:348,4
BRDA:348,9,0,1
BRDA:348,9,1,3
DA:349,3
BRDA:349,10,0,1
BRDA:349,10,1,2
DA:350,2
BRDA:350,11,0,1
BRDA:350,11,1,1
DA:352,1
DA:354,1
FN:363,ArcadeStakingRewards.setRewardsDuration
FNDA:36,ArcadeStakingRewards.setRewardsDuration
DA:364,36
BRDA:364,12,0,1
BRDA:364,12,1,35
DA:365,35
BRDA:365,13,0,1
BRDA:365,13,1,34
DA:367,34
DA:369,34
FN:397,ArcadeStakingRewards._getBonus
FNDA:18,ArcadeStakingRewards._getBonus
DA:398,18
BRDA:398,14,0,1
BRDA:398,14,1,17
DA:399,1
DA:400,17
BRDA:400,15,0,16
BRDA:400,15,1,1
DA:401,16
DA:402,1
BRDA:402,16,0,1
BRDA:402,16,1,-
DA:403,1
DA:405,0
FNF:15
FNH:11
LF:74
LH:70
BRF:34
BRH:32
end_of_record
TN:
SF:src/test/MockERC20.sol
FN:20,MockERC20.mint
FNDA:31,MockERC20.mint
DA:21,31
FN:24,MockERC20.decimals
FNDA:0,MockERC20.decimals
DA:25,0
FNF:2
FNH:1
LF:2
LH:1
BRF:0
BRH:0
end_of_record
